=====================================================================================
 test_perf()
=====================================================================================
amx_FC_perf_2_2560_10752_int8_t_bf16    : 983.607 us x 969, 3% (111.935 GOps /3072 GOps)
amx_FC_perf_22_2560_10752_int8_t_bf16   : 1043.04 us x 889, 37% (1161.13 GOps /3072 GOps)
amx_FC_perf_896_2560_10240_int8_t_bf16  : 20987 us x 41, 72% (2238.35 GOps /3072 GOps)
amx_FC_perf_897_2560_10240_int8_t_bf16  : 21654.1 us x 47, 70% (2171.81 GOps /3072 GOps)
amx_FC_perf_912_2560_10240_int8_t_bf16  : 21294.7 us x 47, 73% (2245.39 GOps /3072 GOps)
amx_FC_perf_913_2560_10240_int8_t_bf16  : 21346.5 us x 38, 72% (2242.4 GOps /3072 GOps)
amx_FC_perf_927_2560_10240_int8_t_bf16  : 21716.6 us x 47, 72% (2237.98 GOps /3072 GOps)
amx_FC_perf_896_2560_10240_int8_t_bf16  : 20758.9 us x 48, 73% (2262.95 GOps /3072 GOps)
amx_FC_perf_897_2560_10240_int8_t_bf16  : 21362.8 us x 47, 71% (2201.43 GOps /3072 GOps)
        Warnning: stride 2561 is not aligned to cache line, will increase to 2624 (41 cache lines)
amx_FC_perf_896_2561_10240_int8_t_bf16  : 21056.4 us x 48, 72% (2231.84 GOps /3072 GOps)
        Warnning: stride 10241 is not aligned to cache line, will increase to 10304 (161 cache lines)
        Warnning: stride 20482 is not aligned to cache line, will increase to 20544 (321 cache lines)
amx_FC_perf_896_2560_10241_int8_t_bf16  : 20660.5 us x 50, 74% (2273.94 GOps /3072 GOps)
        Warnning: stride 2561 is not aligned to cache line, will increase to 2624 (41 cache lines)
        Warnning: stride 10241 is not aligned to cache line, will increase to 10304 (161 cache lines)
        Warnning: stride 20482 is not aligned to cache line, will increase to 20544 (321 cache lines)
amx_FC_perf_897_2561_10241_int8_t_bf16  : 20803.8 us x 48, 73% (2261.68 GOps /3072 GOps)
        Warnning: stride 2592 is not aligned to cache line, will increase to 2624 (41 cache lines)
        Warnning: stride 10272 is not aligned to cache line, will increase to 10304 (161 cache lines)
amx_FC_perf_928_2592_10272_int8_t_bf16  : 21186.6 us x 48, 75% (2332.42 GOps /3072 GOps)
amx_FC_perf_896_256_1024_int8_t_bf16    : 222.437 us x 10000, 68% (2111.89 GOps /3072 GOps)
amx_FC_perf_896_256_1024_int8_t_bf16    : 221.497 us x 10000, 69% (2120.85 GOps /3072 GOps)
amx_FC_perf_2_2560_10752_bfloat16_bf16  : 2418.36 us x 378, 1% (45.5269 GOps /3072 GOps)
amx_FC_perf_22_2560_10752_bfloat16_bf16 : 2816.26 us x 334, 13% (430.04 GOps /3072 GOps)
amx_FC_perf_896_2560_10240_bfloat16_bf16        : 42429.8 us x 24, 36% (1107.15 GOps /3072 GOps)
amx_FC_perf_897_2560_10240_bfloat16_bf16        : 43098.4 us x 23, 35% (1091.19 GOps /3072 GOps)
amx_FC_perf_912_2560_10240_bfloat16_bf16        : 43735.9 us x 21, 35% (1093.27 GOps /3072 GOps)
amx_FC_perf_913_2560_10240_bfloat16_bf16        : 43996.1 us x 23, 35% (1087.99 GOps /3072 GOps)
amx_FC_perf_927_2560_10240_bfloat16_bf16        : 43741.5 us x 21, 36% (1111.11 GOps /3072 GOps)
amx_FC_perf_896_2560_10240_bfloat16_bf16        : 42383.2 us x 21, 36% (1108.37 GOps /3072 GOps)
amx_FC_perf_897_2560_10240_bfloat16_bf16        : 44191.5 us x 21, 34% (1064.2 GOps /3072 GOps)
        Warnning: stride 5122 is not aligned to cache line, will increase to 5184 (81 cache lines)
amx_FC_perf_896_2561_10240_bfloat16_bf16        : 41208 us x 24, 37% (1140.42 GOps /3072 GOps)
        Warnning: stride 20482 is not aligned to cache line, will increase to 20544 (321 cache lines)
        Warnning: stride 20482 is not aligned to cache line, will increase to 20544 (321 cache lines)
amx_FC_perf_896_2560_10241_bfloat16_bf16        : 40369.3 us x 22, 37% (1163.78 GOps /3072 GOps)
        Warnning: stride 5122 is not aligned to cache line, will increase to 5184 (81 cache lines)
        Warnning: stride 20482 is not aligned to cache line, will increase to 20544 (321 cache lines)
        Warnning: stride 20482 is not aligned to cache line, will increase to 20544 (321 cache lines)
amx_FC_perf_897_2561_10241_bfloat16_bf16        : 40863.5 us x 25, 37% (1151.43 GOps /3072 GOps)
amx_FC_perf_928_2592_10272_bfloat16_bf16        : 41065.6 us x 25, 39% (1203.34 GOps /3072 GOps)
amx_FC_perf_896_256_1024_bfloat16_bf16  : 348.695 us x 10000, 43% (1347.2 GOps /3072 GOps)
amx_FC_perf_896_256_1024_bfloat16_bf16  : 342.135 us x 10000, 44% (1373.03 GOps /3072 GOps)
amx_FC_perf_2_2560_10752_bfloat16_int8  : 1201.62 us x 754, 2% (91.6267 GOps /3072 GOps)
amx_FC_perf_22_2560_10752_bfloat16_int8 : 1885.74 us x 514, 20% (642.243 GOps /3072 GOps)
amx_FC_perf_896_2560_10240_bfloat16_int8        : 59293.4 us x 17, 25% (792.267 GOps /3072 GOps)
amx_FC_perf_897_2560_10240_bfloat16_int8        : 59479.1 us x 15, 25% (790.675 GOps /3072 GOps)
amx_FC_perf_912_2560_10240_bfloat16_int8        : 60872.8 us x 16, 25% (785.492 GOps /3072 GOps)
amx_FC_perf_913_2560_10240_bfloat16_int8        : 60981.6 us x 16, 25% (784.95 GOps /3072 GOps)
amx_FC_perf_927_2560_10240_bfloat16_int8        : 60627.8 us x 16, 26% (801.637 GOps /3072 GOps)
amx_FC_perf_896_2560_10240_bfloat16_int8        : 57977.2 us x 16, 26% (810.253 GOps /3072 GOps)
amx_FC_perf_897_2560_10240_bfloat16_int8        : 60817.8 us x 17, 25% (773.271 GOps /3072 GOps)
        Warnning: stride 5122 is not aligned to cache line, will increase to 5184 (81 cache lines)
amx_FC_perf_896_2561_10240_bfloat16_int8        : 49919.4 us x 20, 30% (941.408 GOps /3072 GOps)
        Warnning: stride 20482 is not aligned to cache line, will increase to 20544 (321 cache lines)
        Warnning: stride 20482 is not aligned to cache line, will increase to 20544 (321 cache lines)
amx_FC_perf_896_2560_10241_bfloat16_int8        : 56244.4 us x 16, 27% (835.297 GOps /3072 GOps)
        Warnning: stride 5122 is not aligned to cache line, will increase to 5184 (81 cache lines)
        Warnning: stride 20482 is not aligned to cache line, will increase to 20544 (321 cache lines)
        Warnning: stride 20482 is not aligned to cache line, will increase to 20544 (321 cache lines)
amx_FC_perf_897_2561_10241_bfloat16_int8        : 48421 us x 21, 31% (971.718 GOps /3072 GOps)
amx_FC_perf_928_2592_10272_bfloat16_int8        : 48989.2 us x 21, 32% (1008.71 GOps /3072 GOps)
amx_FC_perf_896_256_1024_bfloat16_int8  : 590.68 us x 10000, 25% (795.291 GOps /3072 GOps)
amx_FC_perf_896_256_1024_bfloat16_int8  : 569.719 us x 10000, 26% (824.551 GOps /3072 GOps)
=====================================================================================
   M=2
=====================================================================================
amx_MatmulMT_perf_ST_2_2560_10752_bfloat16_bf16 : 2444.53 us x 347, 1% (45.0396 GOps /3072 GOps)
amx_MatmulMT_perf_MT_2_2560_10752_bfloat16_bf16 : 46.9525 us x 2056, 76% (2344.93 GOps /3072 GOps)
Match!
amx_MatmulMT_perf_ST_2_2560_10752_bfloat16_bf16 : 2371.41 us x 350, 1% (46.4283 GOps /3072 GOps)
amx_MatmulMT_perf_MT_2_2560_10752_bfloat16_bf16 : 79.043 us x 1691, 45% (1392.92 GOps /3072 GOps)
Match!
amx_MatmulMT_perf_ST_2_2560_10752_bfloat16_int8 : 1181.63 us x 735, 3% (93.1768 GOps /3072 GOps)
amx_MatmulMT_perf_MT_2_2560_10752_bfloat16_int8 : 42.2828 us x 14701, 84% (2603.91 GOps /3072 GOps)
Match!
amx_MatmulMT_perf_ST_2_2560_10752_bfloat16_int8 : 1204.68 us x 732, 2% (91.3939 GOps /3072 GOps)
amx_MatmulMT_perf_MT_2_2560_10752_bfloat16_int8 : 83.2602 us x 12992, 43% (1322.37 GOps /3072 GOps)
Match!
amx_MatmulMT_perf_ST_2_2560_10752_int8_t_int8   : 955.553 us x 858, 3% (115.222 GOps /3072 GOps)
amx_MatmulMT_perf_MT_2_2560_10752_int8_t_int8   : 46.263 us x 19336, 77% (2379.88 GOps /3072 GOps)
Match!
amx_MatmulMT_perf_ST_2_2560_10752_int8_t_int8   : 964.723 us x 856, 3% (114.127 GOps /3072 GOps)
amx_MatmulMT_perf_MT_2_2560_10752_int8_t_int8   : 20.0664 us x 17971, 178% (5486.8 GOps /3072 GOps)
Match!
amx_FC_MTML_perf_2_2560_10752_bfloat16_bf16_20  : 4052.64 us x 2563, 54% (543.351 GByte/s /1000 GByte/s)
amx_FC_MTML_perf_2_2560_10752_bfloat16_bf16_20  : 4268.22 us x 2494, 51% (515.908 GByte/s /1000 GByte/s)
amx_FC_MTML_perf_2_2560_10752_bfloat16_int8_20  : 2865.05 us x 3115, 38% (384.288 GByte/s /1000 GByte/s)
amx_FC_MTML_perf_2_2560_10752_bfloat16_int8_20  : 3066.44 us x 2875, 35% (359.05 GByte/s /1000 GByte/s)
amx_FC_MTML_perf_2_2560_10752_int8_t_int8_20    : 2620.13 us x 3368, 42% (420.21 GByte/s /1000 GByte/s)
amx_FC_MTML_perf_2_2560_10752_int8_t_int8_20    : 2880.63 us x 3556, 38% (382.209 GByte/s /1000 GByte/s)
amx_FC_MTML_perf_2_2560_10752_bfloat16_bf16_20  : 5121.66 us x 2120, 42% (429.941 GByte/s /1000 GByte/s)
amx_FC_MTML_perf_2_2560_10752_bfloat16_bf16_20  : 5126.06 us x 2095, 42% (429.571 GByte/s /1000 GByte/s)
amx_FC_MTML_perf_2_2560_10752_bfloat16_int8_20  : 3293.26 us x 3050, 33% (334.32 GByte/s /1000 GByte/s)
amx_FC_MTML_perf_2_2560_10752_bfloat16_int8_20  : 3283.02 us x 2894, 33% (335.364 GByte/s /1000 GByte/s)
amx_FC_MTML_perf_2_2560_10752_int8_t_int8_20    : 2455.73 us x 4213, 44% (448.341 GByte/s /1000 GByte/s)
amx_FC_MTML_perf_2_2560_10752_int8_t_int8_20    : 2403.58 us x 4208, 45% (458.068 GByte/s /1000 GByte/s)
amx_FC_MTML_perf_2_2560_10752_bfloat16_bf16_20  : 4588.2 us x 2372, 47% (479.929 GByte/s /1000 GByte/s)
amx_FC_MTML_perf_2_2560_10752_bfloat16_bf16_20  : 4422.04 us x 2431, 49% (497.963 GByte/s /1000 GByte/s)
amx_FC_MTML_perf_2_2560_10752_bfloat16_int8_20  : 3022.94 us x 3031, 36% (364.217 GByte/s /1000 GByte/s)
amx_FC_MTML_perf_2_2560_10752_bfloat16_int8_20  : 3014.53 us x 3037, 36% (365.233 GByte/s /1000 GByte/s)
amx_FC_MTML_perf_2_2560_10752_int8_t_int8_20    : 2278.5 us x 4403, 48% (483.216 GByte/s /1000 GByte/s)
amx_FC_MTML_perf_2_2560_10752_int8_t_int8_20    : 2289.57 us x 4387, 48% (480.879 GByte/s /1000 GByte/s)
amx_FC_MTML_perf_2_2560_10752_bfloat16_bf16_20  : 4894.88 us x 2257, 44% (449.86 GByte/s /1000 GByte/s)
amx_FC_MTML_perf_2_2560_10752_bfloat16_bf16_20  : 4940.16 us x 2278, 44% (445.736 GByte/s /1000 GByte/s)
amx_FC_MTML_perf_2_2560_10752_bfloat16_int8_20  : 3134.8 us x 2997, 35% (351.22 GByte/s /1000 GByte/s)
amx_FC_MTML_perf_2_2560_10752_bfloat16_int8_20  : 3145.29 us x 3191, 35% (350.048 GByte/s /1000 GByte/s)
amx_FC_MTML_perf_2_2560_10752_int8_t_int8_20    : 2475.65 us x 4200, 44% (444.733 GByte/s /1000 GByte/s)
amx_FC_MTML_perf_2_2560_10752_int8_t_int8_20    : 2466.43 us x 4125, 44% (446.396 GByte/s /1000 GByte/s)
amx_FC_MTML_perf_2_2560_10752_bfloat16_bf16_20  : 4776.91 us x 2288, 46% (460.969 GByte/s /1000 GByte/s)
amx_FC_MTML_perf_2_2560_10752_bfloat16_bf16_20  : 4754.15 us x 2314, 46% (463.177 GByte/s /1000 GByte/s)
amx_FC_MTML_perf_2_2560_10752_bfloat16_int8_20  : 3189.88 us x 3084, 34% (345.155 GByte/s /1000 GByte/s)
amx_FC_MTML_perf_2_2560_10752_bfloat16_int8_20  : 3239.89 us x 2937, 33% (339.827 GByte/s /1000 GByte/s)
amx_FC_MTML_perf_2_2560_10752_int8_t_int8_20    : 2573.9 us x 4163, 42% (427.757 GByte/s /1000 GByte/s)
amx_FC_MTML_perf_2_2560_10752_int8_t_int8_20    : 2588.99 us x 4208, 42% (425.265 GByte/s /1000 GByte/s)
amx_FC_MTML_perf_2_2560_10752_bfloat16_bf16_20  : 4871.55 us x 2254, 45% (452.014 GByte/s /1000 GByte/s)
amx_FC_MTML_perf_2_2560_10752_bfloat16_bf16_20  : 4792 us x 2305, 45% (459.518 GByte/s /1000 GByte/s)
amx_FC_MTML_perf_2_2560_10752_bfloat16_int8_20  : 2999.85 us x 3173, 36% (367.02 GByte/s /1000 GByte/s)
amx_FC_MTML_perf_2_2560_10752_bfloat16_int8_20  : 3122.06 us x 2896, 35% (352.653 GByte/s /1000 GByte/s)
amx_FC_MTML_perf_2_2560_10752_int8_t_int8_20    : 2564.13 us x 4095, 42% (429.388 GByte/s /1000 GByte/s)
amx_FC_MTML_perf_2_2560_10752_int8_t_int8_20    : 2817.37 us x 2503, 39% (390.792 GByte/s /1000 GByte/s)
amx_FC_MTML_perf_2_2560_10752_bfloat16_bf16_20  : 4782.97 us x 2257, 46% (460.386 GByte/s /1000 GByte/s)
amx_FC_MTML_perf_2_2560_10752_bfloat16_bf16_20  : 4786.51 us x 2257, 46% (460.045 GByte/s /1000 GByte/s)
amx_FC_MTML_perf_2_2560_10752_bfloat16_int8_20  : 3164.42 us x 2809, 34% (347.933 GByte/s /1000 GByte/s)
amx_FC_MTML_perf_2_2560_10752_bfloat16_int8_20  : 3180.36 us x 2945, 34% (346.189 GByte/s /1000 GByte/s)
amx_FC_MTML_perf_2_2560_10752_int8_t_int8_20    : 2540.27 us x 3984, 43% (433.421 GByte/s /1000 GByte/s)
amx_FC_MTML_perf_2_2560_10752_int8_t_int8_20    : 4895.55 us x 1351, 22% (224.899 GByte/s /1000 GByte/s)
amx_FC_MTML_perf_2_2560_10752_bfloat16_bf16_20  : 4627.63 us x 2218, 47% (475.84 GByte/s /1000 GByte/s)